<?xml version="1.0" encoding="UTF-8"?>
<!-- Generated by org.testng.reporters.JUnitReportReporter -->
<testsuite hostname="DESKTOP-K1GI7C6" failures="0" tests="2" name="PRodLEVEL.Test3" time="23.402" errors="0" timestamp="2022-12-22T23:17:21 EST" skipped="0">
  <testcase classname="PRodLEVEL.Test3" name="m6" time="4.496"/>
  <system-out/>
  <testcase classname="PRodLEVEL.Test3" name="m5" time="18.906"/>
  <system-out/>
</testsuite> <!-- PRodLEVEL.Test3 -->
