<?xml version="1.0" encoding="UTF-8"?>
<!-- Generated by org.testng.reporters.JUnitReportReporter -->
<testsuite hostname="DESKTOP-K1GI7C6" failures="0" tests="2" name="TestNGBAsicClasses.Test3" time="23.641" errors="0" timestamp="2022-12-22T22:20:31 EST" skipped="0">
  <testcase classname="TestNGBAsicClasses.Test3" name="m5" time="12.899"/>
  <system-out/>
  <testcase classname="TestNGBAsicClasses.Test3" name="m6" time="10.742"/>
  <system-out/>
</testsuite> <!-- TestNGBAsicClasses.Test3 -->
