<?xml version="1.0" encoding="UTF-8"?>
<!-- Generated by org.testng.reporters.JUnitReportReporter -->
<testsuite hostname="DESKTOP-K1GI7C6" failures="0" tests="2" name="AmazonTestNG1.basic" time="0.018" errors="0" timestamp="2022-12-19T20:50:36 EST" skipped="0">
  <testcase classname="AmazonTestNG1.basic" name="Test2" time="0.015"/>
  <system-out/>
  <testcase classname="AmazonTestNG1.basic" name="f" time="0.003"/>
  <system-out/>
</testsuite> <!-- AmazonTestNG1.basic -->
