<?xml version="1.0" encoding="UTF-8"?>
<!-- Generated by org.testng.reporters.JUnitReportReporter -->
<testsuite hostname="DESKTOP-K1GI7C6" failures="0" tests="3" name="Facebookwork_TestNG.Facebook_SInginTest" time="60.502" errors="0" timestamp="2022-12-29T21:43:34 EST" skipped="0">
  <testcase classname="Facebookwork_TestNG.Facebook_SInginTest" name="facebook_signuptest" time="25.846"/>
  <system-out/>
  <testcase classname="Facebookwork_TestNG.Facebook_SInginTest" name="facebook_signuptest" time="20.809"/>
  <system-out/>
  <testcase classname="Facebookwork_TestNG.Facebook_SInginTest" name="facebook_signuptest" time="13.847"/>
  <system-out/>
</testsuite> <!-- Facebookwork_TestNG.Facebook_SInginTest -->
