<?xml version="1.0" encoding="UTF-8"?>
<!-- Generated by org.testng.reporters.JUnitReportReporter -->
<testsuite hostname="DESKTOP-K1GI7C6" failures="0" tests="2" name="PRodLEVEL.Test2" time="12.271" errors="0" timestamp="2022-12-22T23:17:21 EST" skipped="0">
  <testcase classname="PRodLEVEL.Test2" name="m4" time="6.099"/>
  <system-out/>
  <testcase classname="PRodLEVEL.Test2" name="m3" time="6.172"/>
  <system-out/>
</testsuite> <!-- PRodLEVEL.Test2 -->
