<?xml version="1.0" encoding="UTF-8"?>
<!-- Generated by org.testng.reporters.JUnitReportReporter -->
<testsuite hostname="DESKTOP-K1GI7C6" failures="0" tests="6" name="PRodLEVEL.Test1" time="52.458" errors="0" timestamp="2022-12-22T23:17:21 EST" skipped="0">
  <testcase classname="PRodLEVEL.Test1" name="m1" time="17.662"/>
  <system-out/>
  <testcase classname="PRodLEVEL.Test1" name="m2" time="4.567"/>
  <system-out/>
  <testcase classname="PRodLEVEL.Test1" name="m2" time="3.653"/>
  <system-out/>
  <testcase classname="PRodLEVEL.Test1" name="m1" time="10.918"/>
  <system-out/>
  <testcase classname="PRodLEVEL.Test1" name="m1" time="10.331"/>
  <system-out/>
  <testcase classname="PRodLEVEL.Test1" name="m2" time="5.327"/>
  <system-out/>
</testsuite> <!-- PRodLEVEL.Test1 -->
