<?xml version="1.0" encoding="UTF-8"?>
<!-- Generated by org.testng.reporters.JUnitReportReporter -->
<testsuite hostname="DESKTOP-K1GI7C6" failures="0" tests="1" name="AmazonTestNG1.amazon1" time="0.001" errors="0" timestamp="2022-12-22T21:17:44 EST" skipped="0">
  <testcase classname="AmazonTestNG1.amazon1" name="f" time="0.001"/>
  <system-out/>
</testsuite> <!-- AmazonTestNG1.amazon1 -->
