<?xml version="1.0" encoding="UTF-8"?>
<!-- Generated by org.testng.reporters.JUnitReportReporter -->
<testsuite hostname="DESKTOP-K1GI7C6" failures="0" tests="2" name="TestNGBAsicClasses.Test2" time="24.418" errors="0" timestamp="2022-12-22T22:20:31 EST" skipped="0">
  <testcase classname="TestNGBAsicClasses.Test2" name="m4" time="11.219"/>
  <system-out/>
  <testcase classname="TestNGBAsicClasses.Test2" name="m3" time="13.199"/>
  <system-out/>
</testsuite> <!-- TestNGBAsicClasses.Test2 -->
